<?xml version="1.0" encoding="UTF-8"?>
<!-- Generated by org.testng.reporters.JUnitReportReporter -->
<testsuite hostname="LAPTOP-U5AB8LDJ" failures="0" tests="1" name="com.colorchack.BG_color" time="2.868" errors="0" timestamp="2021-09-03T13:29:11 IST" skipped="0">
  <testcase classname="com.colorchack.BG_color" name="TC_01" time="2.868"/>
  <system-out/>
</testsuite> <!-- com.colorchack.BG_color -->
