<?xml version="1.0" encoding="UTF-8"?>
<!-- Generated by org.testng.reporters.JUnitReportReporter -->
<testsuite hostname="DESKTOP-RCT8KQF" failures="0" tests="1" name="com.TestCases.PopupHandal" time="28.508" errors="0" timestamp="2021-09-07T08:59:22 IST" skipped="0">
  <testcase classname="com.TestCases.PopupHandal" name="test02" time="28.508"/>
  <system-out/>
</testsuite> <!-- com.TestCases.PopupHandal -->
