<?xml version="1.0" encoding="UTF-8"?>
<!-- Generated by org.testng.reporters.JUnitReportReporter -->
<testsuite hostname="LAPTOP-U5AB8LDJ" failures="0" tests="1" name="com.RobotClassAndAutoIT.RobotClassExample" time="5.407" errors="0" timestamp="2021-09-03T12:59:08 IST" skipped="0">
  <testcase classname="com.RobotClassAndAutoIT.RobotClassExample" name="Tc01" time="5.407"/>
  <system-out/>
</testsuite> <!-- com.RobotClassAndAutoIT.RobotClassExample -->
