<?xml version="1.0" encoding="UTF-8"?>
<!-- Generated by org.testng.reporters.JUnitReportReporter -->
<testsuite hostname="LAPTOP-U5AB8LDJ" failures="0" tests="1" name="com.BG_ColoreChack.BG_Chack" time="3.409" errors="0" timestamp="2021-09-03T15:15:04 IST" skipped="0">
  <testcase classname="com.BG_ColoreChack.BG_Chack" name="TC_01" time="3.409"/>
  <system-out/>
</testsuite> <!-- com.BG_ColoreChack.BG_Chack -->
