<?xml version="1.0" encoding="UTF-8"?>
<!-- Generated by org.testng.reporters.JUnitReportReporter -->
<testsuite hostname="LAPTOP-U5AB8LDJ" failures="0" tests="1" name="com.Action_Class.Actionclass" time="5.251" errors="0" timestamp="2021-08-31T12:05:16 IST" skipped="0">
  <testcase classname="com.Action_Class.Actionclass" name="setup" time="5.251"/>
  <system-out/>
</testsuite> <!-- com.Action_Class.Actionclass -->
